<?xml version="1.0" encoding="UTF-8"?>
<testng-results ignored="0" total="1" passed="1" failed="0" skipped="0">
  <reporter-output>
  </reporter-output>
  <suite started-at="2021-08-27T10:45:15 IST" name="Default suite" finished-at="2021-08-27T10:45:37 IST" duration-ms="22011">
    <groups>
    </groups>
    <test started-at="2021-08-27T10:45:15 IST" name="Default test" finished-at="2021-08-27T10:45:37 IST" duration-ms="22011">
      <class name="comcast.SearchProductByAlphbet">
        <test-method signature="SearchProduct()[pri:0, instance:comcast.SearchProductByAlphbet@3d680b5a]" started-at="2021-08-27T10:45:15 IST" name="SearchProduct" finished-at="2021-08-27T10:45:37 IST" duration-ms="21969" status="PASS">
          <reporter-output>
          </reporter-output>
        </test-method> <!-- SearchProduct -->
      </class> <!-- comcast.SearchProductByAlphbet -->
    </test> <!-- Default test -->
  </suite> <!-- Default suite -->
</testng-results>
